This file contains any messages produced by compilers while
running configure, to aid debugging if configure makes a mistake.

It was created by Neros configure 0.1, which was
generated by GNU Autoconf 2.68.  Invocation command line was

  $ ./configure 

## --------- ##
## Platform. ##
## --------- ##

hostname = ubuntu
uname -m = x86_64
uname -r = 3.8.0-29-generic
uname -s = Linux
uname -v = #42~precise1-Ubuntu SMP Wed Aug 14 16:19:23 UTC 2013

/usr/bin/uname -p = unknown
/bin/uname -X     = unknown

/bin/arch              = unknown
/usr/bin/arch -k       = unknown
/usr/convex/getsysinfo = unknown
/usr/bin/hostinfo      = unknown
/bin/machine           = unknown
/usr/bin/oslevel       = unknown
/bin/universe          = unknown

PATH: /home/nyankosama/pythonenv/py2.7/bin
PATH: /home/nyankosama/pythonenv/py2.7/bin
PATH: /usr/local/sbin
PATH: /usr/local/bin
PATH: /usr/sbin
PATH: /usr/bin
PATH: /sbin
PATH: /bin
PATH: /usr/games


## ----------- ##
## Core tests. ##
## ----------- ##

configure:2358: checking for a BSD-compatible install
configure:2426: result: /usr/bin/install -c
configure:2437: checking whether build environment is sane
configure:2487: result: yes
configure:2628: checking for a thread-safe mkdir -p
configure:2667: result: /bin/mkdir -p
configure:2680: checking for gawk
configure:2710: result: no
configure:2680: checking for mawk
configure:2696: found /usr/bin/mawk
configure:2707: result: mawk
configure:2718: checking whether make sets $(MAKE)
configure:2740: result: yes
configure:2850: checking build system type
configure:2864: result: x86_64-unknown-linux-gnu
configure:2884: checking host system type
configure:2897: result: x86_64-unknown-linux-gnu
configure:2938: checking how to print strings
configure:2965: result: printf
configure:2998: checking for style of include used by make
configure:3026: result: GNU
configure:3097: checking for gcc
configure:3113: found /usr/bin/gcc
configure:3124: result: gcc
configure:3353: checking for C compiler version
configure:3362: gcc --version >&5
gcc (Ubuntu/Linaro 4.6.3-1ubuntu5) 4.6.3
Copyright (C) 2011 Free Software Foundation, Inc.
This is free software; see the source for copying conditions.  There is NO
warranty; not even for MERCHANTABILITY or FITNESS FOR A PARTICULAR PURPOSE.

configure:3373: $? = 0
configure:3362: gcc -v >&5
Using built-in specs.
COLLECT_GCC=gcc
COLLECT_LTO_WRAPPER=/usr/lib/gcc/x86_64-linux-gnu/4.6/lto-wrapper
Target: x86_64-linux-gnu
Configured with: ../src/configure -v --with-pkgversion='Ubuntu/Linaro 4.6.3-1ubuntu5' --with-bugurl=file:///usr/share/doc/gcc-4.6/README.Bugs --enable-languages=c,c++,fortran,objc,obj-c++ --prefix=/usr --program-suffix=-4.6 --enable-shared --enable-linker-build-id --with-system-zlib --libexecdir=/usr/lib --without-included-gettext --enable-threads=posix --with-gxx-include-dir=/usr/include/c++/4.6 --libdir=/usr/lib --enable-nls --with-sysroot=/ --enable-clocale=gnu --enable-libstdcxx-debug --enable-libstdcxx-time=yes --enable-gnu-unique-object --enable-plugin --enable-objc-gc --disable-werror --with-arch-32=i686 --with-tune=generic --enable-checking=release --build=x86_64-linux-gnu --host=x86_64-linux-gnu --target=x86_64-linux-gnu
Thread model: posix
gcc version 4.6.3 (Ubuntu/Linaro 4.6.3-1ubuntu5) 
configure:3373: $? = 0
configure:3362: gcc -V >&5
gcc: error: unrecognized option '-V'
gcc: fatal error: no input files
compilation terminated.
configure:3373: $? = 4
configure:3362: gcc -qversion >&5
gcc: error: unrecognized option '-qversion'
gcc: fatal error: no input files
compilation terminated.
configure:3373: $? = 4
configure:3393: checking whether the C compiler works
configure:3415: gcc    conftest.c  >&5
configure:3419: $? = 0
configure:3467: result: yes
configure:3470: checking for C compiler default output file name
configure:3472: result: a.out
configure:3478: checking for suffix of executables
configure:3485: gcc -o conftest    conftest.c  >&5
configure:3489: $? = 0
configure:3511: result: 
configure:3533: checking whether we are cross compiling
configure:3541: gcc -o conftest    conftest.c  >&5
configure:3545: $? = 0
configure:3552: ./conftest
configure:3556: $? = 0
configure:3571: result: no
configure:3576: checking for suffix of object files
configure:3598: gcc -c   conftest.c >&5
configure:3602: $? = 0
configure:3623: result: o
configure:3627: checking whether we are using the GNU C compiler
configure:3646: gcc -c   conftest.c >&5
configure:3646: $? = 0
configure:3655: result: yes
configure:3664: checking whether gcc accepts -g
configure:3684: gcc -c -g  conftest.c >&5
configure:3684: $? = 0
configure:3725: result: yes
configure:3742: checking for gcc option to accept ISO C89
configure:3806: gcc  -c -g -O2  conftest.c >&5
configure:3806: $? = 0
configure:3819: result: none needed
configure:3841: checking dependency style of gcc
configure:3952: result: gcc3
configure:3967: checking for a sed that does not truncate output
configure:4031: result: /bin/sed
configure:4049: checking for grep that handles long lines and -e
configure:4107: result: /bin/grep
configure:4112: checking for egrep
configure:4174: result: /bin/grep -E
configure:4179: checking for fgrep
configure:4241: result: /bin/grep -F
configure:4276: checking for ld used by gcc
configure:4343: result: /usr/bin/ld
configure:4350: checking if the linker (/usr/bin/ld) is GNU ld
configure:4365: result: yes
configure:4377: checking for BSD- or MS-compatible name lister (nm)
configure:4426: result: /usr/bin/nm -B
configure:4556: checking the name lister (/usr/bin/nm -B) interface
configure:4563: gcc -c -g -O2  conftest.c >&5
configure:4566: /usr/bin/nm -B "conftest.o"
configure:4569: output
0000000000000000 B some_variable
configure:4576: result: BSD nm
configure:4579: checking whether ln -s works
configure:4583: result: yes
configure:4591: checking the maximum length of command line arguments
configure:4721: result: 1572864
configure:4738: checking whether the shell understands some XSI constructs
configure:4748: result: yes
configure:4752: checking whether the shell understands "+="
configure:4758: result: yes
configure:4793: checking how to convert x86_64-unknown-linux-gnu file names to x86_64-unknown-linux-gnu format
configure:4833: result: func_convert_file_noop
configure:4840: checking how to convert x86_64-unknown-linux-gnu file names to toolchain format
configure:4860: result: func_convert_file_noop
configure:4867: checking for /usr/bin/ld option to reload object files
configure:4874: result: -r
configure:4948: checking for objdump
configure:4964: found /usr/bin/objdump
configure:4975: result: objdump
configure:5007: checking how to recognize dependent libraries
configure:5209: result: pass_all
configure:5294: checking for dlltool
configure:5324: result: no
configure:5354: checking how to associate runtime and link libraries
configure:5381: result: printf %s\n
configure:5442: checking for ar
configure:5458: found /usr/bin/ar
configure:5469: result: ar
configure:5506: checking for archiver @FILE support
configure:5523: gcc -c -g -O2  conftest.c >&5
configure:5523: $? = 0
configure:5526: ar cru libconftest.a @conftest.lst >&5
configure:5529: $? = 0
configure:5534: ar cru libconftest.a @conftest.lst >&5
ar: conftest.o: No such file or directory
configure:5537: $? = 1
configure:5549: result: @
configure:5607: checking for strip
configure:5623: found /usr/bin/strip
configure:5634: result: strip
configure:5706: checking for ranlib
configure:5722: found /usr/bin/ranlib
configure:5733: result: ranlib
configure:5835: checking command to parse /usr/bin/nm -B output from gcc object
configure:5955: gcc -c -g -O2  conftest.c >&5
configure:5958: $? = 0
configure:5962: /usr/bin/nm -B conftest.o \| sed -n -e 's/^.*[ ]\([ABCDGIRSTW][ABCDGIRSTW]*\)[ ][ ]*\([_A-Za-z][_A-Za-z0-9]*\)$/\1 \2 \2/p' | sed '/ __gnu_lto/d' \> conftest.nm
configure:5965: $? = 0
configure:6031: gcc -o conftest -g -O2   conftest.c conftstm.o >&5
configure:6034: $? = 0
configure:6072: result: ok
configure:6109: checking for sysroot
configure:6139: result: no
configure:6216: gcc -c -g -O2  conftest.c >&5
configure:6219: $? = 0
configure:6395: checking for mt
configure:6411: found /bin/mt
configure:6422: result: mt
configure:6445: checking if mt is a manifest tool
configure:6451: mt '-?'
configure:6459: result: no
configure:7101: checking how to run the C preprocessor
configure:7132: gcc -E  conftest.c
configure:7132: $? = 0
configure:7146: gcc -E  conftest.c
conftest.c:11:28: fatal error: ac_nonexistent.h: No such file or directory
compilation terminated.
configure:7146: $? = 1
configure: failed program was:
| /* confdefs.h */
| #define PACKAGE_NAME "Neros"
| #define PACKAGE_TARNAME "neros"
| #define PACKAGE_VERSION "0.1"
| #define PACKAGE_STRING "Neros 0.1"
| #define PACKAGE_BUGREPORT "i@nyankosama.com"
| #define PACKAGE_URL ""
| #define PACKAGE "neros"
| #define VERSION "0.1"
| /* end confdefs.h.  */
| #include <ac_nonexistent.h>
configure:7171: result: gcc -E
configure:7191: gcc -E  conftest.c
configure:7191: $? = 0
configure:7205: gcc -E  conftest.c
conftest.c:11:28: fatal error: ac_nonexistent.h: No such file or directory
compilation terminated.
configure:7205: $? = 1
configure: failed program was:
| /* confdefs.h */
| #define PACKAGE_NAME "Neros"
| #define PACKAGE_TARNAME "neros"
| #define PACKAGE_VERSION "0.1"
| #define PACKAGE_STRING "Neros 0.1"
| #define PACKAGE_BUGREPORT "i@nyankosama.com"
| #define PACKAGE_URL ""
| #define PACKAGE "neros"
| #define VERSION "0.1"
| /* end confdefs.h.  */
| #include <ac_nonexistent.h>
configure:7234: checking for ANSI C header files
configure:7254: gcc -c -g -O2  conftest.c >&5
configure:7254: $? = 0
configure:7327: gcc -o conftest -g -O2   conftest.c  >&5
configure:7327: $? = 0
configure:7327: ./conftest
configure:7327: $? = 0
configure:7338: result: yes
configure:7351: checking for sys/types.h
configure:7351: gcc -c -g -O2  conftest.c >&5
configure:7351: $? = 0
configure:7351: result: yes
configure:7351: checking for sys/stat.h
configure:7351: gcc -c -g -O2  conftest.c >&5
configure:7351: $? = 0
configure:7351: result: yes
configure:7351: checking for stdlib.h
configure:7351: gcc -c -g -O2  conftest.c >&5
configure:7351: $? = 0
configure:7351: result: yes
configure:7351: checking for string.h
configure:7351: gcc -c -g -O2  conftest.c >&5
configure:7351: $? = 0
configure:7351: result: yes
configure:7351: checking for memory.h
configure:7351: gcc -c -g -O2  conftest.c >&5
configure:7351: $? = 0
configure:7351: result: yes
configure:7351: checking for strings.h
configure:7351: gcc -c -g -O2  conftest.c >&5
configure:7351: $? = 0
configure:7351: result: yes
configure:7351: checking for inttypes.h
configure:7351: gcc -c -g -O2  conftest.c >&5
configure:7351: $? = 0
configure:7351: result: yes
configure:7351: checking for stdint.h
configure:7351: gcc -c -g -O2  conftest.c >&5
configure:7351: $? = 0
configure:7351: result: yes
configure:7351: checking for unistd.h
configure:7351: gcc -c -g -O2  conftest.c >&5
configure:7351: $? = 0
configure:7351: result: yes
configure:7365: checking for dlfcn.h
configure:7365: gcc -c -g -O2  conftest.c >&5
configure:7365: $? = 0
configure:7365: result: yes
configure:7570: checking for objdir
configure:7585: result: .libs
configure:7852: checking if gcc supports -fno-rtti -fno-exceptions
configure:7870: gcc -c -g -O2  -fno-rtti -fno-exceptions conftest.c >&5
cc1: warning: command line option '-fno-rtti' is valid for C++/ObjC++ but not for C [enabled by default]
configure:7874: $? = 0
configure:7887: result: no
configure:8214: checking for gcc option to produce PIC
configure:8221: result: -fPIC -DPIC
configure:8229: checking if gcc PIC flag -fPIC -DPIC works
configure:8247: gcc -c -g -O2  -fPIC -DPIC -DPIC conftest.c >&5
configure:8251: $? = 0
configure:8264: result: yes
configure:8293: checking if gcc static flag -static works
configure:8321: result: yes
configure:8336: checking if gcc supports -c -o file.o
configure:8357: gcc -c -g -O2  -o out/conftest2.o conftest.c >&5
configure:8361: $? = 0
configure:8383: result: yes
configure:8391: checking if gcc supports -c -o file.o
configure:8438: result: yes
configure:8471: checking whether the gcc linker (/usr/bin/ld -m elf_x86_64) supports shared libraries
configure:9628: result: yes
configure:9665: checking whether -lc should be explicitly linked in
configure:9673: gcc -c -g -O2  conftest.c >&5
configure:9676: $? = 0
configure:9691: gcc -shared  -fPIC -DPIC conftest.o  -v -Wl,-soname -Wl,conftest -o conftest 2\>\&1 \| /bin/grep  -lc  \>/dev/null 2\>\&1
configure:9694: $? = 0
configure:9708: result: no
configure:9868: checking dynamic linker characteristics
configure:10379: gcc -o conftest -g -O2   -Wl,-rpath -Wl,/foo conftest.c  >&5
configure:10379: $? = 0
configure:10613: result: GNU/Linux ld.so
configure:10720: checking how to hardcode library paths into programs
configure:10745: result: immediate
configure:10839: checking for shl_load
configure:10839: gcc -o conftest -g -O2   conftest.c  >&5
/tmp/ccofLMVg.o: In function `main':
/home/nyankosama/workspace/github/Neros/conftest.c:57: undefined reference to `shl_load'
collect2: ld returned 1 exit status
configure:10839: $? = 1
configure: failed program was:
| /* confdefs.h */
| #define PACKAGE_NAME "Neros"
| #define PACKAGE_TARNAME "neros"
| #define PACKAGE_VERSION "0.1"
| #define PACKAGE_STRING "Neros 0.1"
| #define PACKAGE_BUGREPORT "i@nyankosama.com"
| #define PACKAGE_URL ""
| #define PACKAGE "neros"
| #define VERSION "0.1"
| #define STDC_HEADERS 1
| #define HAVE_SYS_TYPES_H 1
| #define HAVE_SYS_STAT_H 1
| #define HAVE_STDLIB_H 1
| #define HAVE_STRING_H 1
| #define HAVE_MEMORY_H 1
| #define HAVE_STRINGS_H 1
| #define HAVE_INTTYPES_H 1
| #define HAVE_STDINT_H 1
| #define HAVE_UNISTD_H 1
| #define HAVE_DLFCN_H 1
| #define LT_OBJDIR ".libs/"
| /* end confdefs.h.  */
| /* Define shl_load to an innocuous variant, in case <limits.h> declares shl_load.
|    For example, HP-UX 11i <limits.h> declares gettimeofday.  */
| #define shl_load innocuous_shl_load
| 
| /* System header to define __stub macros and hopefully few prototypes,
|     which can conflict with char shl_load (); below.
|     Prefer <limits.h> to <assert.h> if __STDC__ is defined, since
|     <limits.h> exists even on freestanding compilers.  */
| 
| #ifdef __STDC__
| # include <limits.h>
| #else
| # include <assert.h>
| #endif
| 
| #undef shl_load
| 
| /* Override any GCC internal prototype to avoid an error.
|    Use char because int might match the return type of a GCC
|    builtin and then its argument prototype would still apply.  */
| #ifdef __cplusplus
| extern "C"
| #endif
| char shl_load ();
| /* The GNU C library defines this for functions which it implements
|     to always fail with ENOSYS.  Some functions are actually named
|     something starting with __ and the normal name is an alias.  */
| #if defined __stub_shl_load || defined __stub___shl_load
| choke me
| #endif
| 
| int
| main ()
| {
| return shl_load ();
|   ;
|   return 0;
| }
configure:10839: result: no
configure:10843: checking for shl_load in -ldld
configure:10868: gcc -o conftest -g -O2   conftest.c -ldld   >&5
/usr/bin/ld: cannot find -ldld
collect2: ld returned 1 exit status
configure:10868: $? = 1
configure: failed program was:
| /* confdefs.h */
| #define PACKAGE_NAME "Neros"
| #define PACKAGE_TARNAME "neros"
| #define PACKAGE_VERSION "0.1"
| #define PACKAGE_STRING "Neros 0.1"
| #define PACKAGE_BUGREPORT "i@nyankosama.com"
| #define PACKAGE_URL ""
| #define PACKAGE "neros"
| #define VERSION "0.1"
| #define STDC_HEADERS 1
| #define HAVE_SYS_TYPES_H 1
| #define HAVE_SYS_STAT_H 1
| #define HAVE_STDLIB_H 1
| #define HAVE_STRING_H 1
| #define HAVE_MEMORY_H 1
| #define HAVE_STRINGS_H 1
| #define HAVE_INTTYPES_H 1
| #define HAVE_STDINT_H 1
| #define HAVE_UNISTD_H 1
| #define HAVE_DLFCN_H 1
| #define LT_OBJDIR ".libs/"
| /* end confdefs.h.  */
| 
| /* Override any GCC internal prototype to avoid an error.
|    Use char because int might match the return type of a GCC
|    builtin and then its argument prototype would still apply.  */
| #ifdef __cplusplus
| extern "C"
| #endif
| char shl_load ();
| int
| main ()
| {
| return shl_load ();
|   ;
|   return 0;
| }
configure:10877: result: no
configure:10882: checking for dlopen
configure:10882: gcc -o conftest -g -O2   conftest.c  >&5
/tmp/ccGck6Rn.o: In function `main':
/home/nyankosama/workspace/github/Neros/conftest.c:57: undefined reference to `dlopen'
collect2: ld returned 1 exit status
configure:10882: $? = 1
configure: failed program was:
| /* confdefs.h */
| #define PACKAGE_NAME "Neros"
| #define PACKAGE_TARNAME "neros"
| #define PACKAGE_VERSION "0.1"
| #define PACKAGE_STRING "Neros 0.1"
| #define PACKAGE_BUGREPORT "i@nyankosama.com"
| #define PACKAGE_URL ""
| #define PACKAGE "neros"
| #define VERSION "0.1"
| #define STDC_HEADERS 1
| #define HAVE_SYS_TYPES_H 1
| #define HAVE_SYS_STAT_H 1
| #define HAVE_STDLIB_H 1
| #define HAVE_STRING_H 1
| #define HAVE_MEMORY_H 1
| #define HAVE_STRINGS_H 1
| #define HAVE_INTTYPES_H 1
| #define HAVE_STDINT_H 1
| #define HAVE_UNISTD_H 1
| #define HAVE_DLFCN_H 1
| #define LT_OBJDIR ".libs/"
| /* end confdefs.h.  */
| /* Define dlopen to an innocuous variant, in case <limits.h> declares dlopen.
|    For example, HP-UX 11i <limits.h> declares gettimeofday.  */
| #define dlopen innocuous_dlopen
| 
| /* System header to define __stub macros and hopefully few prototypes,
|     which can conflict with char dlopen (); below.
|     Prefer <limits.h> to <assert.h> if __STDC__ is defined, since
|     <limits.h> exists even on freestanding compilers.  */
| 
| #ifdef __STDC__
| # include <limits.h>
| #else
| # include <assert.h>
| #endif
| 
| #undef dlopen
| 
| /* Override any GCC internal prototype to avoid an error.
|    Use char because int might match the return type of a GCC
|    builtin and then its argument prototype would still apply.  */
| #ifdef __cplusplus
| extern "C"
| #endif
| char dlopen ();
| /* The GNU C library defines this for functions which it implements
|     to always fail with ENOSYS.  Some functions are actually named
|     something starting with __ and the normal name is an alias.  */
| #if defined __stub_dlopen || defined __stub___dlopen
| choke me
| #endif
| 
| int
| main ()
| {
| return dlopen ();
|   ;
|   return 0;
| }
configure:10882: result: no
configure:10886: checking for dlopen in -ldl
configure:10911: gcc -o conftest -g -O2   conftest.c -ldl   >&5
configure:10911: $? = 0
configure:10920: result: yes
configure:11039: checking whether a program can dlopen itself
configure:11119: gcc -o conftest -g -O2  -DHAVE_DLFCN_H  -Wl,--export-dynamic conftest.c -ldl  >&5
configure:11122: $? = 0
configure:11140: result: yes
configure:11145: checking whether a statically linked program can dlopen itself
configure:11225: gcc -o conftest -g -O2  -DHAVE_DLFCN_H  -Wl,--export-dynamic -static conftest.c -ldl  >&5
/tmp/cceVOspy.o: In function `main':
/home/nyankosama/workspace/github/Neros/configure:11204: warning: Using 'dlopen' in statically linked applications requires at runtime the shared libraries from the glibc version used for linking
/usr/bin/ld: dynamic STT_GNU_IFUNC symbol `strcmp' with pointer equality in `/usr/lib/gcc/x86_64-linux-gnu/4.6/../../../x86_64-linux-gnu/libc.a(strcmp.o)' can not be used when making an executable; recompile with -fPIE and relink with -pie
collect2: ld returned 1 exit status
configure:11228: $? = 1
configure:11246: result: no
configure:11285: checking whether stripping libraries is possible
configure:11290: result: yes
configure:11325: checking if libtool supports shared libraries
configure:11327: result: yes
configure:11330: checking whether to build shared libraries
configure:11351: result: yes
configure:11354: checking whether to build static libraries
configure:11358: result: yes
configure:11449: checking for gcc
configure:11476: result: gcc
configure:11705: checking for C compiler version
configure:11714: gcc --version >&5
gcc (Ubuntu/Linaro 4.6.3-1ubuntu5) 4.6.3
Copyright (C) 2011 Free Software Foundation, Inc.
This is free software; see the source for copying conditions.  There is NO
warranty; not even for MERCHANTABILITY or FITNESS FOR A PARTICULAR PURPOSE.

configure:11725: $? = 0
configure:11714: gcc -v >&5
Using built-in specs.
COLLECT_GCC=gcc
COLLECT_LTO_WRAPPER=/usr/lib/gcc/x86_64-linux-gnu/4.6/lto-wrapper
Target: x86_64-linux-gnu
Configured with: ../src/configure -v --with-pkgversion='Ubuntu/Linaro 4.6.3-1ubuntu5' --with-bugurl=file:///usr/share/doc/gcc-4.6/README.Bugs --enable-languages=c,c++,fortran,objc,obj-c++ --prefix=/usr --program-suffix=-4.6 --enable-shared --enable-linker-build-id --with-system-zlib --libexecdir=/usr/lib --without-included-gettext --enable-threads=posix --with-gxx-include-dir=/usr/include/c++/4.6 --libdir=/usr/lib --enable-nls --with-sysroot=/ --enable-clocale=gnu --enable-libstdcxx-debug --enable-libstdcxx-time=yes --enable-gnu-unique-object --enable-plugin --enable-objc-gc --disable-werror --with-arch-32=i686 --with-tune=generic --enable-checking=release --build=x86_64-linux-gnu --host=x86_64-linux-gnu --target=x86_64-linux-gnu
Thread model: posix
gcc version 4.6.3 (Ubuntu/Linaro 4.6.3-1ubuntu5) 
configure:11725: $? = 0
configure:11714: gcc -V >&5
gcc: error: unrecognized option '-V'
gcc: fatal error: no input files
compilation terminated.
configure:11725: $? = 4
configure:11714: gcc -qversion >&5
gcc: error: unrecognized option '-qversion'
gcc: fatal error: no input files
compilation terminated.
configure:11725: $? = 4
configure:11729: checking whether we are using the GNU C compiler
configure:11757: result: yes
configure:11766: checking whether gcc accepts -g
configure:11827: result: yes
configure:11844: checking for gcc option to accept ISO C89
configure:11921: result: none needed
configure:11943: checking dependency style of gcc
configure:12054: result: gcc3
configure:12127: checking for g++
configure:12143: found /usr/bin/g++
configure:12154: result: g++
configure:12181: checking for C++ compiler version
configure:12190: g++ --version >&5
g++ (Ubuntu/Linaro 4.6.3-1ubuntu5) 4.6.3
Copyright (C) 2011 Free Software Foundation, Inc.
This is free software; see the source for copying conditions.  There is NO
warranty; not even for MERCHANTABILITY or FITNESS FOR A PARTICULAR PURPOSE.

configure:12201: $? = 0
configure:12190: g++ -v >&5
Using built-in specs.
COLLECT_GCC=g++
COLLECT_LTO_WRAPPER=/usr/lib/gcc/x86_64-linux-gnu/4.6/lto-wrapper
Target: x86_64-linux-gnu
Configured with: ../src/configure -v --with-pkgversion='Ubuntu/Linaro 4.6.3-1ubuntu5' --with-bugurl=file:///usr/share/doc/gcc-4.6/README.Bugs --enable-languages=c,c++,fortran,objc,obj-c++ --prefix=/usr --program-suffix=-4.6 --enable-shared --enable-linker-build-id --with-system-zlib --libexecdir=/usr/lib --without-included-gettext --enable-threads=posix --with-gxx-include-dir=/usr/include/c++/4.6 --libdir=/usr/lib --enable-nls --with-sysroot=/ --enable-clocale=gnu --enable-libstdcxx-debug --enable-libstdcxx-time=yes --enable-gnu-unique-object --enable-plugin --enable-objc-gc --disable-werror --with-arch-32=i686 --with-tune=generic --enable-checking=release --build=x86_64-linux-gnu --host=x86_64-linux-gnu --target=x86_64-linux-gnu
Thread model: posix
gcc version 4.6.3 (Ubuntu/Linaro 4.6.3-1ubuntu5) 
configure:12201: $? = 0
configure:12190: g++ -V >&5
g++: error: unrecognized option '-V'
g++: fatal error: no input files
compilation terminated.
configure:12201: $? = 4
configure:12190: g++ -qversion >&5
g++: error: unrecognized option '-qversion'
g++: fatal error: no input files
compilation terminated.
configure:12201: $? = 4
configure:12205: checking whether we are using the GNU C++ compiler
configure:12224: g++ -c   conftest.cpp >&5
configure:12224: $? = 0
configure:12233: result: yes
configure:12242: checking whether g++ accepts -g
configure:12262: g++ -c -g  conftest.cpp >&5
configure:12262: $? = 0
configure:12303: result: yes
configure:12328: checking dependency style of g++
configure:12439: result: gcc3
configure:12472: checking how to run the C++ preprocessor
configure:12499: g++ -E  conftest.cpp
configure:12499: $? = 0
configure:12513: g++ -E  conftest.cpp
conftest.cpp:23:28: fatal error: ac_nonexistent.h: No such file or directory
compilation terminated.
configure:12513: $? = 1
configure: failed program was:
| /* confdefs.h */
| #define PACKAGE_NAME "Neros"
| #define PACKAGE_TARNAME "neros"
| #define PACKAGE_VERSION "0.1"
| #define PACKAGE_STRING "Neros 0.1"
| #define PACKAGE_BUGREPORT "i@nyankosama.com"
| #define PACKAGE_URL ""
| #define PACKAGE "neros"
| #define VERSION "0.1"
| #define STDC_HEADERS 1
| #define HAVE_SYS_TYPES_H 1
| #define HAVE_SYS_STAT_H 1
| #define HAVE_STDLIB_H 1
| #define HAVE_STRING_H 1
| #define HAVE_MEMORY_H 1
| #define HAVE_STRINGS_H 1
| #define HAVE_INTTYPES_H 1
| #define HAVE_STDINT_H 1
| #define HAVE_UNISTD_H 1
| #define HAVE_DLFCN_H 1
| #define LT_OBJDIR ".libs/"
| /* end confdefs.h.  */
| #include <ac_nonexistent.h>
configure:12538: result: g++ -E
configure:12558: g++ -E  conftest.cpp
configure:12558: $? = 0
configure:12572: g++ -E  conftest.cpp
conftest.cpp:23:28: fatal error: ac_nonexistent.h: No such file or directory
compilation terminated.
configure:12572: $? = 1
configure: failed program was:
| /* confdefs.h */
| #define PACKAGE_NAME "Neros"
| #define PACKAGE_TARNAME "neros"
| #define PACKAGE_VERSION "0.1"
| #define PACKAGE_STRING "Neros 0.1"
| #define PACKAGE_BUGREPORT "i@nyankosama.com"
| #define PACKAGE_URL ""
| #define PACKAGE "neros"
| #define VERSION "0.1"
| #define STDC_HEADERS 1
| #define HAVE_SYS_TYPES_H 1
| #define HAVE_SYS_STAT_H 1
| #define HAVE_STDLIB_H 1
| #define HAVE_STRING_H 1
| #define HAVE_MEMORY_H 1
| #define HAVE_STRINGS_H 1
| #define HAVE_INTTYPES_H 1
| #define HAVE_STDINT_H 1
| #define HAVE_UNISTD_H 1
| #define HAVE_DLFCN_H 1
| #define LT_OBJDIR ".libs/"
| /* end confdefs.h.  */
| #include <ac_nonexistent.h>
configure:12741: checking for ld used by g++
configure:12808: result: /usr/bin/ld -m elf_x86_64
configure:12815: checking if the linker (/usr/bin/ld -m elf_x86_64) is GNU ld
configure:12830: result: yes
configure:12885: checking whether the g++ linker (/usr/bin/ld -m elf_x86_64) supports shared libraries
configure:13890: result: yes
configure:13926: g++ -c -g -O2  conftest.cpp >&5
configure:13929: $? = 0
configure:14449: checking for g++ option to produce PIC
configure:14456: result: -fPIC -DPIC
configure:14464: checking if g++ PIC flag -fPIC -DPIC works
configure:14482: g++ -c -g -O2  -fPIC -DPIC -DPIC conftest.cpp >&5
configure:14486: $? = 0
configure:14499: result: yes
configure:14522: checking if g++ static flag -static works
configure:14550: result: yes
configure:14562: checking if g++ supports -c -o file.o
configure:14583: g++ -c -g -O2  -o out/conftest2.o conftest.cpp >&5
configure:14587: $? = 0
configure:14609: result: yes
configure:14614: checking if g++ supports -c -o file.o
configure:14661: result: yes
configure:14691: checking whether the g++ linker (/usr/bin/ld -m elf_x86_64) supports shared libraries
configure:14730: result: yes
configure:14871: checking dynamic linker characteristics
configure:15550: result: GNU/Linux ld.so
configure:15603: checking how to hardcode library paths into programs
configure:15628: result: immediate
configure:15671: checking whether gcc and cc understand -c and -o together
configure:15702: gcc -c conftest.c -o conftest2.o >&5
configure:15706: $? = 0
configure:15712: gcc -c conftest.c -o conftest2.o >&5
configure:15716: $? = 0
configure:15727: cc -c conftest.c >&5
configure:15731: $? = 0
configure:15739: cc -c conftest.c -o conftest2.o >&5
configure:15743: $? = 0
configure:15749: cc -c conftest.c -o conftest2.o >&5
configure:15753: $? = 0
configure:15771: result: yes
configure:15808: checking for stdlib.h
configure:15808: result: yes
configure:15808: checking pthread.h usability
configure:15808: gcc -c -g -O2  conftest.c >&5
configure:15808: $? = 0
configure:15808: result: yes
configure:15808: checking pthread.h presence
configure:15808: gcc -E  conftest.c
configure:15808: $? = 0
configure:15808: result: yes
configure:15808: checking for pthread.h
configure:15808: result: yes
configure:15964: creating ./config.status

## ---------------------- ##
## Running config.status. ##
## ---------------------- ##

This file was extended by Neros config.status 0.1, which was
generated by GNU Autoconf 2.68.  Invocation command line was

  CONFIG_FILES    = 
  CONFIG_HEADERS  = 
  CONFIG_LINKS    = 
  CONFIG_COMMANDS = 
  $ ./config.status 

on ubuntu

config.status:1155: creating Makefile
config.status:1155: creating src/data/Makefile
config.status:1155: creating src/Makefile
config.status:1155: creating config.h
config.status:1336: config.h is unchanged
config.status:1384: executing depfiles commands
config.status:1384: executing libtool commands

## ---------------- ##
## Cache variables. ##
## ---------------- ##

ac_cv_build=x86_64-unknown-linux-gnu
ac_cv_c_compiler_gnu=yes
ac_cv_cxx_compiler_gnu=yes
ac_cv_env_CCC_set=
ac_cv_env_CCC_value=
ac_cv_env_CC_set=
ac_cv_env_CC_value=
ac_cv_env_CFLAGS_set=
ac_cv_env_CFLAGS_value=
ac_cv_env_CPPFLAGS_set=
ac_cv_env_CPPFLAGS_value=
ac_cv_env_CPP_set=
ac_cv_env_CPP_value=
ac_cv_env_CXXCPP_set=
ac_cv_env_CXXCPP_value=
ac_cv_env_CXXFLAGS_set=
ac_cv_env_CXXFLAGS_value=
ac_cv_env_CXX_set=
ac_cv_env_CXX_value=
ac_cv_env_LDFLAGS_set=
ac_cv_env_LDFLAGS_value=
ac_cv_env_LIBS_set=
ac_cv_env_LIBS_value=
ac_cv_env_build_alias_set=
ac_cv_env_build_alias_value=
ac_cv_env_host_alias_set=
ac_cv_env_host_alias_value=
ac_cv_env_target_alias_set=
ac_cv_env_target_alias_value=
ac_cv_func_dlopen=no
ac_cv_func_shl_load=no
ac_cv_header_dlfcn_h=yes
ac_cv_header_inttypes_h=yes
ac_cv_header_memory_h=yes
ac_cv_header_pthread_h=yes
ac_cv_header_stdc=yes
ac_cv_header_stdint_h=yes
ac_cv_header_stdlib_h=yes
ac_cv_header_string_h=yes
ac_cv_header_strings_h=yes
ac_cv_header_sys_stat_h=yes
ac_cv_header_sys_types_h=yes
ac_cv_header_unistd_h=yes
ac_cv_host=x86_64-unknown-linux-gnu
ac_cv_lib_dl_dlopen=yes
ac_cv_lib_dld_shl_load=no
ac_cv_objext=o
ac_cv_path_EGREP='/bin/grep -E'
ac_cv_path_FGREP='/bin/grep -F'
ac_cv_path_GREP=/bin/grep
ac_cv_path_SED=/bin/sed
ac_cv_path_install='/usr/bin/install -c'
ac_cv_path_mkdir=/bin/mkdir
ac_cv_prog_AWK=mawk
ac_cv_prog_CPP='gcc -E'
ac_cv_prog_CXXCPP='g++ -E'
ac_cv_prog_ac_ct_AR=ar
ac_cv_prog_ac_ct_CC=gcc
ac_cv_prog_ac_ct_CXX=g++
ac_cv_prog_ac_ct_MANIFEST_TOOL=mt
ac_cv_prog_ac_ct_OBJDUMP=objdump
ac_cv_prog_ac_ct_RANLIB=ranlib
ac_cv_prog_ac_ct_STRIP=strip
ac_cv_prog_cc_c89=
ac_cv_prog_cc_g=yes
ac_cv_prog_cc_gcc_c_o=yes
ac_cv_prog_cxx_g=yes
ac_cv_prog_make_make_set=yes
am_cv_CC_dependencies_compiler_type=gcc3
am_cv_CXX_dependencies_compiler_type=gcc3
lt_cv_ar_at_file=@
lt_cv_archive_cmds_need_lc=no
lt_cv_deplibs_check_method=pass_all
lt_cv_dlopen=dlopen
lt_cv_dlopen_libs=-ldl
lt_cv_dlopen_self=yes
lt_cv_dlopen_self_static=no
lt_cv_file_magic_cmd='$MAGIC_CMD'
lt_cv_file_magic_test_file=
lt_cv_ld_reload_flag=-r
lt_cv_nm_interface='BSD nm'
lt_cv_objdir=.libs
lt_cv_path_LD=/usr/bin/ld
lt_cv_path_LDCXX='/usr/bin/ld -m elf_x86_64'
lt_cv_path_NM='/usr/bin/nm -B'
lt_cv_path_mainfest_tool=no
lt_cv_prog_compiler_c_o=yes
lt_cv_prog_compiler_c_o_CXX=yes
lt_cv_prog_compiler_pic='-fPIC -DPIC'
lt_cv_prog_compiler_pic_CXX='-fPIC -DPIC'
lt_cv_prog_compiler_pic_works=yes
lt_cv_prog_compiler_pic_works_CXX=yes
lt_cv_prog_compiler_rtti_exceptions=no
lt_cv_prog_compiler_static_works=yes
lt_cv_prog_compiler_static_works_CXX=yes
lt_cv_prog_gnu_ld=yes
lt_cv_prog_gnu_ldcxx=yes
lt_cv_sharedlib_from_linklib_cmd='printf %s\n'
lt_cv_shlibpath_overrides_runpath=no
lt_cv_sys_global_symbol_pipe='sed -n -e '\''s/^.*[	 ]\([ABCDGIRSTW][ABCDGIRSTW]*\)[	 ][	 ]*\([_A-Za-z][_A-Za-z0-9]*\)$/\1 \2 \2/p'\'' | sed '\''/ __gnu_lto/d'\'''
lt_cv_sys_global_symbol_to_c_name_address='sed -n -e '\''s/^: \([^ ]*\)[ ]*$/  {\"\1\", (void *) 0},/p'\'' -e '\''s/^[ABCDGIRSTW]* \([^ ]*\) \([^ ]*\)$/  {"\2", (void *) \&\2},/p'\'''
lt_cv_sys_global_symbol_to_c_name_address_lib_prefix='sed -n -e '\''s/^: \([^ ]*\)[ ]*$/  {\"\1\", (void *) 0},/p'\'' -e '\''s/^[ABCDGIRSTW]* \([^ ]*\) \(lib[^ ]*\)$/  {"\2", (void *) \&\2},/p'\'' -e '\''s/^[ABCDGIRSTW]* \([^ ]*\) \([^ ]*\)$/  {"lib\2", (void *) \&\2},/p'\'''
lt_cv_sys_global_symbol_to_cdecl='sed -n -e '\''s/^T .* \(.*\)$/extern int \1();/p'\'' -e '\''s/^[ABCDGIRSTW]* .* \(.*\)$/extern char \1;/p'\'''
lt_cv_sys_max_cmd_len=1572864
lt_cv_to_host_file_cmd=func_convert_file_noop
lt_cv_to_tool_file_cmd=func_convert_file_noop

## ----------------- ##
## Output variables. ##
## ----------------- ##

ACLOCAL='${SHELL} /home/nyankosama/workspace/github/Neros/missing --run aclocal-1.11'
AMDEPBACKSLASH='\'
AMDEP_FALSE='#'
AMDEP_TRUE=''
AMTAR='$${TAR-tar}'
AR='ar'
AUTOCONF='${SHELL} /home/nyankosama/workspace/github/Neros/missing --run autoconf'
AUTOHEADER='${SHELL} /home/nyankosama/workspace/github/Neros/missing --run autoheader'
AUTOMAKE='${SHELL} /home/nyankosama/workspace/github/Neros/missing --run automake-1.11'
AWK='mawk'
CC='gcc'
CCDEPMODE='depmode=gcc3'
CFLAGS='-g -O2'
CPP='gcc -E'
CPPFLAGS=''
CXX='g++'
CXXCPP='g++ -E'
CXXDEPMODE='depmode=gcc3'
CXXFLAGS='-g -O2'
CYGPATH_W='echo'
DEFS='-DHAVE_CONFIG_H'
DEPDIR='.deps'
DLLTOOL='false'
DSYMUTIL=''
DUMPBIN=''
ECHO_C=''
ECHO_N='-n'
ECHO_T=''
EGREP='/bin/grep -E'
EXEEXT=''
FGREP='/bin/grep -F'
GREP='/bin/grep'
INSTALL_DATA='${INSTALL} -m 644'
INSTALL_PROGRAM='${INSTALL}'
INSTALL_SCRIPT='${INSTALL}'
INSTALL_STRIP_PROGRAM='$(install_sh) -c -s'
LD='/usr/bin/ld -m elf_x86_64'
LDFLAGS=''
LIBOBJS=''
LIBS=''
LIBTOOL='$(SHELL) $(top_builddir)/libtool'
LIPO=''
LN_S='ln -s'
LTLIBOBJS=''
MAKEINFO='${SHELL} /home/nyankosama/workspace/github/Neros/missing --run makeinfo'
MANIFEST_TOOL=':'
MKDIR_P='/bin/mkdir -p'
NM='/usr/bin/nm -B'
NMEDIT=''
OBJDUMP='objdump'
OBJEXT='o'
OTOOL64=''
OTOOL=''
PACKAGE='neros'
PACKAGE_BUGREPORT='i@nyankosama.com'
PACKAGE_NAME='Neros'
PACKAGE_STRING='Neros 0.1'
PACKAGE_TARNAME='neros'
PACKAGE_URL=''
PACKAGE_VERSION='0.1'
PATH_SEPARATOR=':'
RANLIB='ranlib'
SED='/bin/sed'
SET_MAKE=''
SHELL='/bin/bash'
STRIP='strip'
VERSION='0.1'
ac_ct_AR='ar'
ac_ct_CC='gcc'
ac_ct_CXX='g++'
ac_ct_DUMPBIN=''
am__EXEEXT_FALSE=''
am__EXEEXT_TRUE='#'
am__fastdepCC_FALSE='#'
am__fastdepCC_TRUE=''
am__fastdepCXX_FALSE='#'
am__fastdepCXX_TRUE=''
am__include='include'
am__isrc=''
am__leading_dot='.'
am__nodep='_no'
am__quote=''
am__tar='$${TAR-tar} chof - "$$tardir"'
am__untar='$${TAR-tar} xf -'
bindir='${exec_prefix}/bin'
build='x86_64-unknown-linux-gnu'
build_alias=''
build_cpu='x86_64'
build_os='linux-gnu'
build_vendor='unknown'
datadir='${datarootdir}'
datarootdir='${prefix}/share'
docdir='${datarootdir}/doc/${PACKAGE_TARNAME}'
dvidir='${docdir}'
exec_prefix='${prefix}'
host='x86_64-unknown-linux-gnu'
host_alias=''
host_cpu='x86_64'
host_os='linux-gnu'
host_vendor='unknown'
htmldir='${docdir}'
includedir='${prefix}/include'
infodir='${datarootdir}/info'
install_sh='${SHELL} /home/nyankosama/workspace/github/Neros/install-sh'
libdir='${exec_prefix}/lib'
libexecdir='${exec_prefix}/libexec'
localedir='${datarootdir}/locale'
localstatedir='${prefix}/var'
mandir='${datarootdir}/man'
mkdir_p='/bin/mkdir -p'
oldincludedir='/usr/include'
pdfdir='${docdir}'
prefix='/usr/local'
program_transform_name='s,x,x,'
psdir='${docdir}'
sbindir='${exec_prefix}/sbin'
sharedstatedir='${prefix}/com'
sysconfdir='${prefix}/etc'
target_alias=''

## ----------- ##
## confdefs.h. ##
## ----------- ##

/* confdefs.h */
#define PACKAGE_NAME "Neros"
#define PACKAGE_TARNAME "neros"
#define PACKAGE_VERSION "0.1"
#define PACKAGE_STRING "Neros 0.1"
#define PACKAGE_BUGREPORT "i@nyankosama.com"
#define PACKAGE_URL ""
#define PACKAGE "neros"
#define VERSION "0.1"
#define STDC_HEADERS 1
#define HAVE_SYS_TYPES_H 1
#define HAVE_SYS_STAT_H 1
#define HAVE_STDLIB_H 1
#define HAVE_STRING_H 1
#define HAVE_MEMORY_H 1
#define HAVE_STRINGS_H 1
#define HAVE_INTTYPES_H 1
#define HAVE_STDINT_H 1
#define HAVE_UNISTD_H 1
#define HAVE_DLFCN_H 1
#define LT_OBJDIR ".libs/"
#define HAVE_STDLIB_H 1
#define HAVE_PTHREAD_H 1

configure: exit 0

## ---------------------- ##
## Running config.status. ##
## ---------------------- ##

This file was extended by Neros config.status 0.1, which was
generated by GNU Autoconf 2.68.  Invocation command line was

  CONFIG_FILES    = 
  CONFIG_HEADERS  = 
  CONFIG_LINKS    = 
  CONFIG_COMMANDS = 
  $ ./config.status Makefile

on ubuntu

config.status:1155: creating Makefile

## ---------------------- ##
## Running config.status. ##
## ---------------------- ##

This file was extended by Neros config.status 0.1, which was
generated by GNU Autoconf 2.68.  Invocation command line was

  CONFIG_FILES    = 
  CONFIG_HEADERS  = 
  CONFIG_LINKS    = 
  CONFIG_COMMANDS = 
  $ ./config.status src/Makefile depfiles

on ubuntu

config.status:1155: creating src/Makefile
config.status:1384: executing depfiles commands

## ---------------------- ##
## Running config.status. ##
## ---------------------- ##

This file was extended by Neros config.status 0.1, which was
generated by GNU Autoconf 2.68.  Invocation command line was

  CONFIG_FILES    = 
  CONFIG_HEADERS  = 
  CONFIG_LINKS    = 
  CONFIG_COMMANDS = 
  $ ./config.status src/data/Makefile depfiles

on ubuntu

config.status:1155: creating src/data/Makefile
config.status:1384: executing depfiles commands
